<?xml version="1.0" encoding="UTF-8"?>
<testsuite name="TestStart" tests="1" skipped="0" failures="0" errors="0" timestamp="2022-06-23T16:05:57" hostname="DESKTOP-KPQANF7" time="0.005">
  <properties/>
  <testcase name="testOk" classname="TestStart" time="0.005"/>
  <system-out><![CDATA[]]></system-out>
  <system-err><![CDATA[]]></system-err>
</testsuite>
